[    0.000000] Initializing cgroup subsys cpuset
[    0.000000] Initializing cgroup subsys cpu
[    0.000000] Initializing cgroup subsys cpuacct
[    0.000000] Linux version 4.4.0-184-generic (buildd@lgw01-amd64-060) (gcc version 5.4.0 20160609 (Ubuntu 5.4.0-6ubuntu1~16.04.12) ) #214-Ubuntu SMP Thu Jun 4 10:14:11 UTC 2020 (Ubuntu 4.4.0-184.214-generic 4.4.223)
[    0.000000] Command line: BOOT_IMAGE=/boot/vmlinuz-4.4.0-184-generic root=UUID=65230ec8-09d1-4ffb-9b51-ab94dde6a28a ro console=tty1 console=ttyS0
[    0.000000] KERNEL supported cpus:
[    0.000000]   Intel GenuineIntel
[    0.000000]   AMD AuthenticAMD
[    0.000000]   Centaur CentaurHauls
[    0.000000] x86/fpu: xstate_offset[2]:  576, xstate_sizes[2]:  256
[    0.000000] x86/fpu: Supporting XSAVE feature 0x01: 'x87 floating point registers'
[    0.000000] x86/fpu: Supporting XSAVE feature 0x02: 'SSE registers'
[    0.000000] x86/fpu: Supporting XSAVE feature 0x04: 'AVX registers'
[    0.000000] x86/fpu: Enabled xstate features 0x7, context size is 832 bytes, using 'standard' format.
[    0.000000] e820: BIOS-provided physical RAM map:
[    0.000000] BIOS-e820: [mem 0x0000000000000000-0x000000000009fbff] usable
[    0.000000] BIOS-e820: [mem 0x000000000009fc00-0x000000000009ffff] reserved
[    0.000000] BIOS-e820: [mem 0x00000000000f0000-0x00000000000fffff] reserved
[    0.000000] BIOS-e820: [mem 0x0000000000100000-0x000000007ffeffff] usable
[    0.000000] BIOS-e820: [mem 0x000000007fff0000-0x000000007fffffff] ACPI data
[    0.000000] BIOS-e820: [mem 0x00000000fec00000-0x00000000fec00fff] reserved
[    0.000000] BIOS-e820: [mem 0x00000000fee00000-0x00000000fee00fff] reserved
[    0.000000] BIOS-e820: [mem 0x00000000fffc0000-0x00000000ffffffff] reserved
[    0.000000] NX (Execute Disable) protection: active
[    0.000000] SMBIOS 2.5 present.
[    0.000000] Hypervisor detected: KVM
[    0.000000] e820: last_pfn = 0x7fff0 max_arch_pfn = 0x400000000
[    0.000000] MTRR: Disabled
[    0.000000] x86/PAT: MTRRs disabled, skipping PAT initialization too.
[    0.000000] CPU MTRRs all blank - virtualized system.
[    0.000000] x86/PAT: Configuration [0-7]: WB  WT  UC- UC  WB  WT  UC- UC  
[    0.000000] found SMP MP-table at [mem 0x0009fff0-0x0009ffff] mapped at [ffff88000009fff0]
[    0.000000] Scanning 1 areas for low memory corruption
[    0.000000] RAMDISK: [mem 0x36236000-0x37112fff]
[    0.000000] ACPI: Early table checksum verification disabled
[    0.000000] ACPI: RSDP 0x00000000000E0000 000024 (v02 VBOX  )
[    0.000000] ACPI: XSDT 0x000000007FFF0030 00003C (v01 VBOX   VBOXXSDT 00000001 ASL  00000061)
[    0.000000] ACPI: FACP 0x000000007FFF00F0 0000F4 (v04 VBOX   VBOXFACP 00000001 ASL  00000061)
[    0.000000] ACPI: DSDT 0x000000007FFF0470 002325 (v02 VBOX   VBOXBIOS 00000002 INTL 20100528)
[    0.000000] ACPI: FACS 0x000000007FFF0200 000040
[    0.000000] ACPI: FACS 0x000000007FFF0200 000040
[    0.000000] ACPI: APIC 0x000000007FFF0240 00005C (v02 VBOX   VBOXAPIC 00000001 ASL  00000061)
[    0.000000] ACPI: SSDT 0x000000007FFF02A0 0001CC (v01 VBOX   VBOXCPUT 00000002 INTL 20100528)
[    0.000000] No NUMA configuration found
[    0.000000] Faking a node at [mem 0x0000000000000000-0x000000007ffeffff]
[    0.000000] NODE_DATA(0) allocated [mem 0x7ffeb000-0x7ffeffff]
[    0.000000] kvm-clock: Using msrs 4b564d01 and 4b564d00
[    0.000000] kvm-clock: cpu 0, msr 0:7ffe3001, primary cpu clock
[    0.000000] kvm-clock: using sched offset of 3658930038 cycles
[    0.000000] clocksource: kvm-clock: mask: 0xffffffffffffffff max_cycles: 0x1cd42e4dffb, max_idle_ns: 881590591483 ns
[    0.000000] Zone ranges:
[    0.000000]   DMA      [mem 0x0000000000001000-0x0000000000ffffff]
[    0.000000]   DMA32    [mem 0x0000000001000000-0x000000007ffeffff]
[    0.000000]   Normal   empty
[    0.000000]   Device   empty
[    0.000000] Movable zone start for each node
[    0.000000] Early memory node ranges
[    0.000000]   node   0: [mem 0x0000000000001000-0x000000000009efff]
[    0.000000]   node   0: [mem 0x0000000000100000-0x000000007ffeffff]
[    0.000000] Initmem setup node 0 [mem 0x0000000000001000-0x000000007ffeffff]
[    0.000000] ACPI: PM-Timer IO Port: 0x4008
[    0.000000] IOAPIC[0]: apic_id 2, version 32, address 0xfec00000, GSI 0-23
[    0.000000] ACPI: INT_SRC_OVR (bus 0 bus_irq 0 global_irq 2 dfl dfl)
[    0.000000] ACPI: INT_SRC_OVR (bus 0 bus_irq 9 global_irq 9 low level)
[    0.000000] Using ACPI (MADT) for SMP configuration information
[    0.000000] smpboot: Allowing 2 CPUs, 0 hotplug CPUs
[    0.000000] PM: Registered nosave memory: [mem 0x00000000-0x00000fff]
[    0.000000] PM: Registered nosave memory: [mem 0x0009f000-0x0009ffff]
[    0.000000] PM: Registered nosave memory: [mem 0x000a0000-0x000effff]
[    0.000000] PM: Registered nosave memory: [mem 0x000f0000-0x000fffff]
[    0.000000] e820: [mem 0x80000000-0xfebfffff] available for PCI devices
[    0.000000] Booting paravirtualized kernel on KVM
[    0.000000] clocksource: refined-jiffies: mask: 0xffffffff max_cycles: 0xffffffff, max_idle_ns: 7645519600211568 ns
[    0.000000] setup_percpu: NR_CPUS:512 nr_cpumask_bits:512 nr_cpu_ids:2 nr_node_ids:1
[    0.000000] PERCPU: Embedded 33 pages/cpu @ffff88007fc00000 s95448 r8192 d31528 u1048576
[    0.000000] Built 1 zonelists in Node order, mobility grouping on.  Total pages: 515960
[    0.000000] Policy zone: DMA32
[    0.000000] Kernel command line: BOOT_IMAGE=/boot/vmlinuz-4.4.0-184-generic root=UUID=65230ec8-09d1-4ffb-9b51-ab94dde6a28a ro console=tty1 console=ttyS0
[    0.000000] PID hash table entries: 4096 (order: 3, 32768 bytes)
[    0.000000] Memory: 2029520K/2096696K available (8632K kernel code, 1336K rwdata, 4036K rodata, 1492K init, 1292K bss, 67176K reserved, 0K cma-reserved)
[    0.000000] SLUB: HWalign=64, Order=0-3, MinObjects=0, CPUs=2, Nodes=1
[    0.000000] Kernel/User page tables isolation: enabled
[    0.000000] Hierarchical RCU implementation.
[    0.000000] 	Build-time adjustment of leaf fanout to 64.
[    0.000000] 	RCU restricting CPUs from NR_CPUS=512 to nr_cpu_ids=2.
[    0.000000] RCU: Adjusting geometry for rcu_fanout_leaf=64, nr_cpu_ids=2
[    0.000000] NR_IRQS:33024 nr_irqs:440 16
[    0.000000] Console: colour VGA+ 80x25
[    0.000000] console [tty1] enabled
[    0.000000] console [ttyS0] enabled
[    0.000000] tsc: Detected 2591.998 MHz processor
[    0.140748] Calibrating delay loop (skipped) preset value.. 5183.99 BogoMIPS (lpj=10367992)
[    0.142322] pid_max: default: 32768 minimum: 301
[    0.143170] ACPI: Core revision 20150930
[    0.144511] ACPI: 2 ACPI AML tables successfully acquired and loaded
[    0.145701] Security Framework initialized
[    0.146459] Yama: becoming mindful.
[    0.147129] AppArmor: AppArmor initialized
[    0.148755] Dentry cache hash table entries: 262144 (order: 9, 2097152 bytes)
[    0.150163] Inode-cache hash table entries: 131072 (order: 8, 1048576 bytes)
[    0.152167] Mount-cache hash table entries: 4096 (order: 3, 32768 bytes)
[    0.153321] Mountpoint-cache hash table entries: 4096 (order: 3, 32768 bytes)
[    0.154600] Initializing cgroup subsys io
[    0.155343] Initializing cgroup subsys memory
[    0.156129] Initializing cgroup subsys devices
[    0.156953] Initializing cgroup subsys freezer
[    0.157753] Initializing cgroup subsys net_cls
[    0.158551] Initializing cgroup subsys perf_event
[    0.159386] Initializing cgroup subsys net_prio
[    0.160195] Initializing cgroup subsys hugetlb
[    0.161017] Initializing cgroup subsys pids
[    0.162824] mce: CPU supports 0 MCE banks
[    0.163579] Last level iTLB entries: 4KB 64, 2MB 8, 4MB 8
[    0.164533] Last level dTLB entries: 4KB 64, 2MB 0, 4MB 0, 1GB 4
[    0.165553] Spectre V1 : Mitigation: usercopy/swapgs barriers and __user pointer sanitization
[    0.167071] Spectre V2 : Mitigation: Full generic retpoline
[    0.168074] Spectre V2 : Spectre v2 / SpectreRSB mitigation: Filling RSB on context switch
[    0.169577] Speculative Store Bypass: Vulnerable
[    0.170399] SRBDS: Unknown: Dependent on hypervisor status
[    0.171444] MDS: Mitigation: Clear CPU buffers
[    0.174248] Freeing SMP alternatives memory: 36K
[    0.179645] ftrace: allocating 32319 entries in 127 pages
[    0.222949] smpboot: APIC(0) Converting physical 0 to logical package 0
[    0.224919] smpboot: Max logical packages: 1
[    0.226485] x2apic enabled
[    0.227286] Switched APIC routing to physical x2apic.
[    0.229090] ..TIMER: vector=0x30 apic1=0 pin1=2 apic2=-1 pin2=-1
[    0.338251] smpboot: CPU0: Intel(R) Core(TM) i7-9750H CPU @ 2.60GHz (family: 0x6, model: 0x9e, stepping: 0xa)
[    0.340473] Performance Events: unsupported p6 CPU model 158 no PMU driver, software events only.
[    0.349894] KVM setup paravirtual spinlock
[    0.352261] x86: Booting SMP configuration:
[    0.353175] .... node  #0, CPUs:      #1
[    0.353989] kvm-clock: cpu 1, msr 0:7ffe3041, secondary cpu clock
[    0.356855] mce: CPU supports 0 MCE banks
[    0.359462] x86: Booted up 1 node, 2 CPUs
[    0.360366] smpboot: Total of 2 processors activated (10367.99 BogoMIPS)
[    0.361808] devtmpfs: initialized
[    0.363951] evm: security.selinux
[    0.364591] evm: security.SMACK64
[    0.365228] evm: security.SMACK64EXEC
[    0.365979] evm: security.SMACK64TRANSMUTE
[    0.366917] evm: security.SMACK64MMAP
[    0.367780] evm: security.ima
[    0.368527] evm: security.capability
[    0.369501] clocksource: jiffies: mask: 0xffffffff max_cycles: 0xffffffff, max_idle_ns: 7645041785100000 ns
[    0.371538] futex hash table entries: 512 (order: 3, 32768 bytes)
[    0.372718] pinctrl core: initialized pinctrl subsystem
[    0.373739] RTC time: 12:01:06, date: 06/29/20
[    0.374701] NET: Registered protocol family 16
[    0.386961] cpuidle: using governor ladder
[    0.399141] cpuidle: using governor menu
[    0.400895] PCCT header not found.
[    0.402005] ACPI: bus type PCI registered
[    0.403074] acpiphp: ACPI Hot Plug PCI Controller Driver version: 0.5
[    0.404773] PCI: Using configuration type 1 for base access
[    0.419938] ACPI: Added _OSI(Module Device)
[    0.421250] ACPI: Added _OSI(Processor Device)
[    0.422342] ACPI: Added _OSI(3.0 _SCP Extensions)
[    0.423519] ACPI: Added _OSI(Processor Aggregator Device)
[    0.425615] ACPI: Executed 1 blocks of module-level executable AML code
[    0.429487] ACPI: Interpreter enabled
[    0.430578] ACPI: (supports S0 S5)
[    0.431398] ACPI: Using IOAPIC for interrupt routing
[    0.432614] PCI: Using host bridge windows from ACPI; if necessary, use "pci=nocrs" and report a bug
[    0.438548] ACPI: PCI Root Bridge [PCI0] (domain 0000 [bus 00-ff])
[    0.439959] acpi PNP0A03:00: _OSC: OS supports [ASPM ClockPM Segments MSI]
[    0.441939] acpi PNP0A03:00: _OSC: not requesting OS control; OS requires [ExtendedConfig ASPM ClockPM MSI]
[    0.444012] acpi PNP0A03:00: fail to add MMCONFIG information, can't access extended PCI configuration space under this bridge.
[    0.447104] PCI host bridge to bus 0000:00
[    0.447911] pci_bus 0000:00: root bus resource [io  0x0000-0x0cf7 window]
[    0.449084] pci_bus 0000:00: root bus resource [io  0x0d00-0xffff window]
[    0.450249] pci_bus 0000:00: root bus resource [mem 0x000a0000-0x000bffff window]
[    0.451641] pci_bus 0000:00: root bus resource [mem 0x80000000-0xfdffffff window]
[    0.453782] pci_bus 0000:00: root bus resource [bus 00-ff]
[    0.456727] pci 0000:00:01.1: legacy IDE quirk: reg 0x10: [io  0x01f0-0x01f7]
[    0.457958] pci 0000:00:01.1: legacy IDE quirk: reg 0x14: [io  0x03f6]
[    0.459448] pci 0000:00:01.1: legacy IDE quirk: reg 0x18: [io  0x0170-0x0177]
[    0.467250] pci 0000:00:01.1: legacy IDE quirk: reg 0x1c: [io  0x0376]
[    0.482102] pci 0000:00:07.0: quirk: [io  0x4000-0x403f] claimed by PIIX4 ACPI
[    0.483886] pci 0000:00:07.0: quirk: [io  0x4100-0x410f] claimed by PIIX4 SMB
[    0.494313] ACPI: PCI Interrupt Link [LNKA] (IRQs 5 9 10 *11)
[    0.496068] ACPI: PCI Interrupt Link [LNKB] (IRQs 5 9 *10 11)
[    0.497431] ACPI: PCI Interrupt Link [LNKC] (IRQs 5 *9 10 11)
[    0.498738] ACPI: PCI Interrupt Link [LNKD] (IRQs 5 9 10 *11)
[    0.500134] ACPI: Enabled 2 GPEs in block 00 to 07
[    0.501280] vgaarb: setting as boot device: PCI:0000:00:02.0
[    0.502286] vgaarb: device added: PCI:0000:00:02.0,decodes=io+mem,owns=io+mem,locks=none
[    0.503788] vgaarb: loaded
[    0.504342] vgaarb: bridge control possible 0000:00:02.0
[    0.505429] SCSI subsystem initialized
[    0.506236] ACPI: bus type USB registered
[    0.506992] usbcore: registered new interface driver usbfs
[    0.507959] usbcore: registered new interface driver hub
[    0.508897] usbcore: registered new device driver usb
[    0.509956] PCI: Using ACPI for IRQ routing
[    0.511007] NetLabel: Initializing
[    0.511677] NetLabel:  domain hash size = 128
[    0.512464] NetLabel:  protocols = UNLABELED CIPSOv4
[    0.513352] NetLabel:  unlabeled traffic allowed by default
[    0.514435] amd_nb: Cannot enumerate AMD northbridges
[    0.515388] clocksource: Switched to clocksource kvm-clock
[    0.521641] AppArmor: AppArmor Filesystem Enabled
[    0.522832] pnp: PnP ACPI init
[    0.524314] pnp: PnP ACPI: found 3 devices
[    0.533772] clocksource: acpi_pm: mask: 0xffffff max_cycles: 0xffffff, max_idle_ns: 2085701024 ns
[    0.535969] NET: Registered protocol family 2
[    0.536889] TCP established hash table entries: 16384 (order: 5, 131072 bytes)
[    0.538240] TCP bind hash table entries: 16384 (order: 6, 262144 bytes)
[    0.539368] TCP: Hash tables configured (established 16384 bind 16384)
[    0.540499] UDP hash table entries: 1024 (order: 3, 32768 bytes)
[    0.541529] UDP-Lite hash table entries: 1024 (order: 3, 32768 bytes)
[    0.542637] NET: Registered protocol family 1
[    0.543439] pci 0000:00:00.0: Limiting direct PCI/PCI transfers
[    0.544501] pci 0000:00:01.0: Activating ISA DMA hang workarounds
[    0.545670] Unpacking initramfs...
[    0.712846] Freeing initrd memory: 15220K
[    0.714410] clocksource: tsc: mask: 0xffffffffffffffff max_cycles: 0x255cb518234, max_idle_ns: 440795279333 ns
[    0.716676] platform rtc_cmos: registered platform RTC device (no PNP device found)
[    0.718452] Scanning for low memory corruption every 60 seconds
[    0.720259] audit: initializing netlink subsys (disabled)
[    0.721524] audit: type=2000 audit(1593432071.912:1): initialized
[    0.722738] Initialise system trusted keyring
[    0.723654] HugeTLB registered 2 MB page size, pre-allocated 0 pages
[    0.725597] zbud: loaded
[    0.726538] VFS: Disk quotas dquot_6.6.0
[    0.727286] VFS: Dquot-cache hash table entries: 512 (order 0, 4096 bytes)
[    0.728666] squashfs: version 4.0 (2009/01/31) Phillip Lougher
[    0.729941] fuse init (API version 7.23)
[    0.730762] Key type big_key registered
[    0.732385] Allocating IMA MOK and blacklist keyrings.
[    0.734460] Key type asymmetric registered
[    0.735561] Asymmetric key parser 'x509' registered
[    0.736566] Block layer SCSI generic (bsg) driver version 0.4 loaded (major 249)
[    0.738059] io scheduler noop registered
[    0.738870] io scheduler deadline registered (default)
[    0.739902] io scheduler cfq registered
[    0.740728] pci_hotplug: PCI Hot Plug PCI Core version: 0.5
[    0.741816] pciehp: PCI Express Hot Plug Controller Driver version: 0.4
[    0.743359] ACPI: AC Adapter [AC] (off-line)
[    0.744257] input: Power Button as /devices/LNXSYSTM:00/LNXPWRBN:00/input/input0
[    0.745630] ACPI: Power Button [PWRF]
[    0.746437] input: Sleep Button as /devices/LNXSYSTM:00/LNXSLPBN:00/input/input1
[    0.747806] ACPI: Sleep Button [SLPF]
[    0.749568] ACPI: Battery Slot [BAT0] (battery present)
[    0.750930] GHES: HEST is not enabled!
[    0.752222] Serial: 8250/16550 driver, 32 ports, IRQ sharing enabled
[    0.773827] 00:02: ttyS0 at I/O 0x3f8 (irq = 4, base_baud = 115200) is a 16550A
[    0.777331] Linux agpgart interface v0.103
[    0.780425] loop: module loaded
[    0.781665] scsi host0: ata_piix
[    0.782852] scsi host1: ata_piix
[    0.783546] ata1: PATA max UDMA/33 cmd 0x1f0 ctl 0x3f6 bmdma 0xd000 irq 14
[    0.785313] ata2: PATA max UDMA/33 cmd 0x170 ctl 0x376 bmdma 0xd008 irq 15
[    0.786943] libphy: Fixed MDIO Bus: probed
[    0.787776] tun: Universal TUN/TAP device driver, 1.6
[    0.788761] tun: (C) 1999-2004 Max Krasnyansky <maxk@qualcomm.com>
[    0.790245] PPP generic driver version 2.4.2
[    0.791107] ehci_hcd: USB 2.0 'Enhanced' Host Controller (EHCI) Driver
[    0.792311] ehci-pci: EHCI PCI platform driver
[    0.793173] ehci-platform: EHCI generic platform driver
[    0.794148] ohci_hcd: USB 1.1 'Open' Host Controller (OHCI) Driver
[    0.795272] ohci-pci: OHCI PCI platform driver
[    0.796214] ohci-platform: OHCI generic platform driver
[    0.797191] uhci_hcd: USB Universal Host Controller Interface driver
[    0.798378] i8042: PNP: PS/2 Controller [PNP0303:PS2K,PNP0f03:PS2M] at 0x60,0x64 irq 1,12
[    0.800411] serio: i8042 KBD port at 0x60,0x64 irq 1
[    0.801377] serio: i8042 AUX port at 0x60,0x64 irq 12
[    0.802393] mousedev: PS/2 mouse device common for all mice
[    0.803801] rtc_cmos rtc_cmos: rtc core: registered rtc_cmos as rtc0
[    0.804991] rtc_cmos rtc_cmos: alarms up to one day, 114 bytes nvram
[    0.806172] i2c /dev entries driver
[    0.806920] input: AT Translated Set 2 keyboard as /devices/platform/i8042/serio0/input/input2
[    0.808730] device-mapper: uevent: version 1.0.3
[    0.809643] device-mapper: ioctl: 4.34.0-ioctl (2015-10-28) initialised: dm-devel@redhat.com
[    0.811263] ledtrig-cpu: registered to indicate activity on CPUs
[    0.812951] NET: Registered protocol family 10
[    0.814130] NET: Registered protocol family 17
[    0.815029] Key type dns_resolver registered
[    0.816090] registered taskstats version 1
[    0.816907] Loading compiled-in X.509 certificates
[    0.818221] Loaded X.509 cert 'Build time autogenerated kernel key: b6ae09eed57f82583ccd3c65c463e852cdd7a0b5'
[    0.820099] zswap: loaded using pool lzo/zbud
[    0.822651] Key type trusted registered
[    0.825876] Key type encrypted registered
[    0.826734] AppArmor: AppArmor sha1 policy hashing enabled
[    0.827790] ima: No TPM chip found, activating TPM-bypass!
[    0.828804] ima: Allocated hash algorithm: sha1
[    0.829684] evm: HMAC attrs: 0x1
[    0.830801]   Magic number: 8:413:27
[    0.831714] rtc_cmos rtc_cmos: setting system clock to 2020-06-29 12:01:06 UTC (1593432066)
[    0.833429] BIOS EDD facility v0.16 2004-Jun-25, 0 devices found
[    0.834526] EDD information not available.
[    0.963325] Freeing unused kernel memory: 1492K
[    0.964718] Write protecting the kernel read-only data: 14336k
[    0.966393] Freeing unused kernel memory: 1596K
[    0.967583] Freeing unused kernel memory: 60K
Loading, please wait...
starting version 229
[    0.979348] random: systemd-udevd: uninitialized urandom read (16 bytes read, 3 bits of entropy available)
[    0.979907] random: udevadm: uninitialized urandom read (16 bytes read, 3 bits of entropy available)
[    0.979925] random: udevadm: uninitialized urandom read (16 bytes read, 3 bits of entropy available)
[    0.985292] random: systemd-udevd: uninitialized urandom read (16 bytes read, 3 bits of entropy available)
[    0.986079] random: udevadm: uninitialized urandom read (16 bytes read, 3 bits of entropy available)
[    0.986111] random: udevadm: uninitialized urandom read (16 bytes read, 3 bits of entropy available)
[    0.986211] random: udevadm: uninitialized urandom read (16 bytes read, 3 bits of entropy available)
[    0.986248] random: udevadm: uninitialized urandom read (16 bytes read, 3 bits of entropy available)
[    0.986316] random: udevadm: uninitialized urandom read (16 bytes read, 3 bits of entropy available)
[    0.986354] random: udevadm: uninitialized urandom read (16 bytes read, 3 bits of entropy available)
[    1.020496] e1000: Intel(R) PRO/1000 Network Driver - version 7.3.21-k8-NAPI
[    1.022381] e1000: Copyright (c) 1999-2006 Intel Corporation.
[    1.025043] Fusion MPT base driver 3.04.20
[    1.025922] Copyright (c) 1999-2008 LSI Corporation
[    1.029970] Fusion MPT SPI Host driver 3.04.20
[    1.041144] AVX2 version of gcm_enc/dec engaged.
[    1.042425] AES CTR mode by8 optimization enabled
[    1.232245] input: ImExPS/2 Generic Explorer Mouse as /devices/platform/i8042/serio1/input/input4
[    1.382285] e1000 0000:00:03.0 eth0: (PCI:33MHz:32-bit) 02:46:c7:d5:1a:44
[    1.384087] e1000 0000:00:03.0 eth0: Intel(R) PRO/1000 Network Connection
[    1.386220] mptbase: ioc0: Initiating bringup
[    1.448104] ioc0: LSI53C1030 A0: Capabilities={Initiator}
[    1.610332] scsi host2: ioc0: LSI53C1030 A0, FwRev=00000000h, Ports=1, MaxQ=256, IRQ=20
[    1.724624] scsi 2:0:0:0: Direct-Access     VBOX     HARDDISK         1.0  PQ: 0 ANSI: 5
[    1.727883] scsi target2:0:0: Beginning Domain Validation
[    1.729959] scsi target2:0:0: Domain Validation skipping write tests
[    1.731472] scsi target2:0:0: Ending Domain Validation
[    1.732803] scsi target2:0:0: asynchronous
[    1.734201] scsi 2:0:1:0: Direct-Access     VBOX     HARDDISK         1.0  PQ: 0 ANSI: 5
[    1.736335] scsi target2:0:1: Beginning Domain Validation
[    1.738283] scsi target2:0:1: Domain Validation skipping write tests
[    1.739815] scsi target2:0:1: Ending Domain Validation
[    1.749405] scsi target2:0:1: asynchronous
[    1.768187] sd 2:0:0:0: Attached scsi generic sg0 type 0
[    1.769762] sd 2:0:0:0: [sda] 20971520 512-byte logical blocks: (10.7 GB/10.0 GiB)
[    1.772091] sd 2:0:1:0: [sdb] 20480 512-byte logical blocks: (10.5 MB/10.0 MiB)
[    1.773809] sd 2:0:1:0: Attached scsi generic sg1 type 0
[    1.775117] sd 2:0:1:0: [sdb] Write Protect is off
[    1.776268] sd 2:0:0:0: [sda] Write Protect is off
[    1.777471] sd 2:0:1:0: [sdb] Incomplete mode parameter data
[    1.779000] sd 2:0:1:0: [sdb] Assuming drive cache: write through
[    1.780302] sd 2:0:0:0: [sda] Incomplete mode parameter data
[    1.781509] sd 2:0:0:0: [sda] Assuming drive cache: write through
[    1.784012]  sda: sda1
[    1.785246] sd 2:0:0:0: [sda] Attached SCSI disk
[    1.786567] sd 2:0:1:0: [sdb] Attached SCSI disk
[    2.090276] e1000 0000:00:08.0 eth1: (PCI:33MHz:32-bit) 08:00:27:36:69:f2
[    2.092013] e1000 0000:00:08.0 eth1: Intel(R) PRO/1000 Network Connection
[    2.094502] e1000 0000:00:08.0 enp0s8: renamed from eth1
[    2.108733] e1000 0000:00:03.0 enp0s3: renamed from eth0
Begin: Loading essential drivers ... [    3.417895] md: linear personality registered for level -1
[    3.421509] md: multipath personality registered for level -4
[    3.424565] md: raid0 personality registered for level 0
[    3.428326] md: raid1 personality registered for level 1
[    3.499864] raid6: sse2x1   gen() 15376 MB/s
[    3.572141] raid6: sse2x1   xor() 11994 MB/s
[    3.639488] raid6: sse2x2   gen() 18251 MB/s
[    3.707450] raid6: sse2x2   xor() 11946 MB/s
[    3.776168] raid6: sse2x4   gen() 20967 MB/s
[    3.843599] raid6: sse2x4   xor() 13967 MB/s
[    3.911825] raid6: avx2x1   gen() 26841 MB/s
[    3.979597] raid6: avx2x2   gen() 34342 MB/s
[    4.047989] raid6: avx2x4   gen() 37094 MB/s
[    4.049127] raid6: using algorithm avx2x4 gen() 37094 MB/s
[    4.050121] raid6: using avx2x2 recovery algorithm
[    4.053015] xor: automatically using best checksumming function:
[    4.091448]    avx       : 30296.000 MB/sec
[    4.093675] async_tx: api initialized (async)
[    4.102923] md: raid6 personality registered for level 6
[    4.103968] md: raid5 personality registered for level 5
[    4.104963] md: raid4 personality registered for level 4
[    4.111886] md: raid10 personality registered for level 10
done.
Begin: Running /scripts/init-premount ... done.
Begin: Mounting root file system ... Begin: Running /scripts/local-top ... done.
Begin: Running /scripts/local-premount ... [    4.136740] Btrfs loaded
Scanning for Btrfs filesystems
done.
Warning: fsck not present, so skipping root file system
[    4.158923] EXT4-fs (sda1): mounted filesystem with ordered data mode. Opts: (null)
done.
Begin: Running /scripts/local-bottom ... done.
Begin: Running /scripts/init-bottom ... /scripts/init-bottom/plymouth: line 18: /bin/plymouth: not found
done.
[    4.246284] systemd[1]: systemd 229 running in system mode. (+PAM +AUDIT +SELINUX +IMA +APPARMOR +SMACK +SYSVINIT +UTMP +LIBCRYPTSETUP +GCRYPT +GNUTLS +ACL +XZ -LZ4 +SECCOMP +BLKID +ELFUTILS +KMOD -IDN)
[    4.249569] systemd[1]: Detected virtualization oracle.
[    4.250544] systemd[1]: Detected architecture x86-64.

Welcome to [1mUbuntu 16.04.6 LTS[0m!

[    4.254464] systemd[1]: Set hostname to <ubuntu-xenial>.
[    4.439605] systemd[1]: Listening on udev Kernel Socket.
[[0;32m  OK  [0m] Listening on udev Kernel Socket.
[    4.441673] systemd[1]: Listening on LVM2 metadata daemon socket.
[[0;32m  OK  [0m] Listening on LVM2 metadata daemon socket.
[    4.443855] systemd[1]: Started Trigger resolvconf update for networkd DNS.
[[0;32m  OK  [0m] Started Trigger resolvconf update for networkd DNS.
[    4.446260] systemd[1]: Listening on Journal Socket (/dev/log).
[[0;32m  OK  [0m] Listening on Journal Socket (/dev/log).
[    4.448334] systemd[1]: Listening on Syslog Socket.
[[0;32m  OK  [0m] Listening on Syslog Socket.
[    4.450129] systemd[1]: Listening on /dev/initctl Compatibility Named Pipe.
[[0;32m  OK  [0m] Listening on /dev/initctl Compatibility Named Pipe.
[    4.452482] systemd[1]: Listening on udev Control Socket.
[[0;32m  OK  [0m] Listening on udev Control Socket.
[    4.454400] systemd[1]: Reached target Swap.
[[0;32m  OK  [0m] Reached target Swap.
[    4.456358] systemd[1]: Created slice System Slice.
[[0;32m  OK  [0m] Created slice System Slice.
[    4.458297] systemd[1]: Created slice system-serial\x2dgetty.slice.
[[0;32m  OK  [0m] Created slice system-serial\x2dgetty.slice.
[    4.460480] systemd[1]: Reached target User and Group Name Lookups.
[[0;32m  OK  [0m] Reached target User and Group Name Lookups.
[    4.462640] systemd[1]: Listening on Journal Socket.
[[0;32m  OK  [0m] Listening on Journal Socket.
[    4.476097] systemd[1]: Starting Nameserver information manager...
         Starting Nameserver information manager...
[    4.479276] systemd[1]: Starting Remount Root and Kernel File Systems...
         Starting Remount Root and Kernel File Systems...
[    4.482279] systemd[1]: Starting Set console keymap...
         Starting Set console keymap...
[    4.485009] systemd[1]: Mounting POSIX Message Queue File System...
         Mounting POSIX Message Queue File System...
[    4.488278] systemd[1]: Mounting Huge Pages File System...
         Mounting Huge Pages File System...
[    4.490819] EXT4-fs (sda1): re-mounted. Opts: (null)
[    4.491587] systemd[1]: Starting Load Kernel Modules...
         Starting Load Kernel Modules...
[    4.495080] systemd[1]: Mounting Debug File System...
         Mounting Debug File System...
[    4.497113] systemd[1]: Reached target Encrypted Volumes.
[[0;32m  OK  [0m] Reached target Encrypted Volumes.
[    4.499914] systemd[1]: Starting Create list of required static device nodes for the current kernel...
[    4.501783] Loading iSCSI transport class v2.0-870.
         Starting Create list of required st... nodes for the current kernel...
[    4.503750] systemd[1]: Listening on Device-mapper event daemon FIFOs.
[[0;32m  OK  [0m] Listening on Device-mapper event daemon FIFOs.
[    4.506598] systemd[1]: Starting Monitoring of LVM2 mirrors, snapshots etc. using dmeventd or progress polling...
         Starting Monitoring of LVM2 mirrors... dmeventd or progress polling...
[    4.509750] systemd[1]: Started Forward Password Requests to Wall Directory Watch.
[[0;32m  OK  [0m] Started Forward Password Requests to Wall Directory Watch.
[    4.513010] systemd[1]: Created slice User and Session Slice.
[    4.514181] iscsi: registered transport (tcp)
[[0;32m  OK  [0m] Created slice User and Session Slice.
[    4.516403] systemd[1]: Listening on Journal Audit Socket.
[[0;32m  OK  [0m] Listening on Journal Audit Socket.
[    4.518561] systemd[1]: Reached target System Time Synchronized.
[[0;32m  OK  [0m] Reached target System Time Synchronized.
[    4.521796] systemd[1]: Listening on LVM2 poll daemon socket.
[[0;32m  OK  [0m] Listening on LVM2 poll daemon socket.
[    4.539637] systemd[1]: Starting Journal Service...
         Starting Journal Service...
[    4.541930] systemd[1]: Set up automount Arbitrary Executable File Formats File System Automount Point.
[    4.543932] iscsi: registered transport (iser)
[[0;32m  OK  [0m] Set up automount Arbitrary Executab...ats File System Automount Point.
[    4.548409] systemd[1]: Reached target Slices.
[[0;32m  OK  [0m] Reached target Slices.
[    4.551185] systemd[1]: Mounted POSIX Message Queue File System.
[[0;32m  OK  [0m] Mounted POSIX Message Queue File System.
[    4.554763] systemd[1]: Mounted Debug File System.
[[0;32m  OK  [0m] Mounted Debug File System.
[    4.556544] systemd[1]: Mounted Huge Pages File System.
[[0;32m  OK  [0m] Mounted Huge Pages File System.
[    4.559577] systemd[1]: Started Remount Root and Kernel File Systems.
[[0;32m  OK  [0m] Started Remount Root and Kernel File Systems.
[    4.562650] systemd[1]: Started Set console keymap.
[[0;32m  OK  [0m] Started Set console keymap.
[    4.565330] systemd[1]: Started Load Kernel Modules.
[[0;32m  OK  [0m] Started Load Kernel Modules.
[    4.567428] systemd[1]: Started Create list of required static device nodes for the current kernel.
[[0;32m  OK  [0m] Started Create list of required sta...ce nodes for the current kernel.
[    4.570622] systemd[1]: Started Nameserver information manager.
[[0;32m  OK  [0m] Started Nameserver information manager.
[    4.574175] systemd[1]: Started Journal Service.
[[0;32m  OK  [0m] Started Journal Service.
[[0;32m  OK  [0m] Started LVM2 metadata daemon.
[[0;32m  OK  [0m] Reached target Network (Pre).
         Starting Create Static Device Nodes in /dev...
         Mounting FUSE Control File System...
         Starting Apply Kernel Variables...
         Starting Flush Journal to Persistent Storage...
         Starting Load/Save Random Seed...
         Starting udev Coldplug all Devices...
[[0;32m  OK  [0m] Mounted FUSE Control File System.
[[0;32m  OK  [0m] Started Load/Save Random Seed.
[[0;32m  OK  [0m] Started Apply Kernel Variables.
[[0;32m  OK  [0m] Started Flush Journal to Persistent Storage.
[[0;32m  OK  [0m] Started Create Static Device Nodes in /dev.
         Starting udev Kernel Device Manager...
[[0;32m  OK  [0m] Started udev Coldplug all Devices.
[[0;32m  OK  [0m] Started udev Kernel Device Manager.
[[0;32m  OK  [0m] Started Dispatch Password Requests to Console Directory Watch.
[[0;32m  OK  [0m] Found device /dev/ttyS0.
[[0;32m  OK  [0m] Listening on Load/Save RF Kill Switch Status /dev/rfkill Watch.
[[0;32m  OK  [0m] Found device 82540EM Gigabit Ethern...r (PRO/1000 MT Desktop Adapter).
[[0;32m  OK  [0m] Found device 82540EM Gigabit Ethern...r (PRO/1000 MT Desktop Adapter).
[[0;32m  OK  [0m] Started Monitoring of LVM2 mirrors,...ng dmeventd or progress polling.
[[0;32m  OK  [0m] Reached target Local File Systems (Pre).
[[0;32m  OK  [0m] Reached target Local File Systems.
         Starting Create Volatile Files and Directories...
         Starting Set console font and keymap...
         Starting Tell Plymouth To Write Out Runtime Data...
         Starting LSB: AppArmor initialization...
[[0;32m  OK  [0m] Started Create Volatile Files and Directories.
[[0;1;31mFAILED[0m] Failed to start LSB: AppArmor initialization.
See 'systemctl status apparmor.service' for details.
[[0;32m  OK  [0m] Started Tell Plymouth To Write Out Runtime Data.
[[0;32m  OK  [0m] Started ifup for enp0s8.
[[0;32m  OK  [0m] Started ifup for enp0s3.
         Starting Raise network interfaces...
         Starting Update UTMP about System Boot/Shutdown...
[[0;32m  OK  [0m] Started Update UTMP about System Boot/Shutdown.
[[0;32m  OK  [0m] Reached target System Initialization.
[[0;32m  OK  [0m] Started Message of the Day.
[[0;32m  OK  [0m] Started Daily Cleanup of Temporary Directories.
[[0;32m  OK  [0m] Started ACPI Events Check.
[[0;32m  OK  [0m] Reached target Paths.
[[0;32m  OK  [0m] Listening on ACPID Listen Socket.
[[0;32m  OK  [0m] Listening on UUID daemon activation socket.
[[0;32m  OK  [0m] Started Daily apt download activities.
[[0;32m  OK  [0m] Started Daily apt upgrade and clean activities.
[[0;32m  OK  [0m] Reached target Timers.
[[0;32m  OK  [0m] Listening on D-Bus System Message Bus Socket.
[[0;32m  OK  [0m] Reached target Sockets.
[[0;32m  OK  [0m] Reached target Basic System.
         Starting Open vSwitch Internal Unit...
         Starting LSB: MD monitoring daemon...
         Starting Virtualbox guest utils...
         Starting LSB: Record successful boot for GRUB...
[[0;32m  OK  [0m] Started Regular background program processing daemon.
[[0;32m  OK  [0m] Started Deferred execution scheduler.
[[0;32m  OK  [0m] Started ACPI event daemon.
         Starting System Logging Service...
         Starting Accounts Service...
[[0;32m  OK  [0m] Started D-Bus System Message Bus.
[[0;32m  OK  [0m] Started FUSE filesystem for LXC.
         Starting Login Service...
[[0;32m  OK  [0m] Started System Logging Service.
[[0;32m  OK  [0m] Started Set console font and keymap.
[[0;32m  OK  [0m] Started LSB: Record successful boot for GRUB.
[[0;32m  OK  [0m] Started Login Service.
         Starting Authenticate and Authorize Users to Run Privileged Tasks...
[[0;32m  OK  [0m] Created slice system-getty.slice.
[[0;32m  OK  [0m] Started LSB: MD monitoring daemon.
[[0;32m  OK  [0m] Started Authenticate and Authorize Users to Run Privileged Tasks.
[[0;32m  OK  [0m] Started Accounts Service.
[[0;32m  OK  [0m] Started Virtualbox guest utils.
[[0;32m  OK  [0m] Started Raise network interfaces.
[[0;32m  OK  [0m] Reached target Network.
[[0;32m  OK  [0m] Reached target Network is Online.
         Starting /etc/rc.local Compatibility...
         Starting iSCSI initiator daemon (iscsid)...
         Starting OpenBSD Secure Shell server...
[[0;32m  OK  [0m] Started /etc/rc.local Compatibility.
[[0;32m  OK  [0m] Started iSCSI initiator daemon (iscsid).
         Starting Login to default iSCSI targets...
[[0;32m  OK  [0m] Started Open vSwitch Internal Unit.
         Starting Open vSwitch...
[[0;32m  OK  [0m] Started Open vSwitch.
[[0;32m  OK  [0m] Started OpenBSD Secure Shell server.
[[0;32m  OK  [0m] Started Login to default iSCSI targets.
[[0;32m  OK  [0m] Reached target Remote File Systems (Pre).
[[0;32m  OK  [0m] Reached target Remote File Systems.
         Starting Permit User Sessions...
         Starting LSB: Start NTP daemon...
         Starting LSB: automatic crash report generation...
         Starting LSB: Set the CPU Frequency Scaling governor to "ondemand"...
         Starting LSB: daemon to balance interrupts for SMP systems...
[[0;32m  OK  [0m] Started Permit User Sessions.
[[0;32m  OK  [0m] Started LSB: automatic crash report generation.
         Starting Terminate Plymouth Boot Screen...
         Starting Hold until boot process finishes up...
[[0;32m  OK  [0m] Started LSB: Set the CPU Frequency Scaling governor to "ondemand".
[[0;32m  OK  [0m] Started LSB: daemon to balance interrupts for SMP systems.
[[0;32m  OK  [0m] Started Terminate Plymouth Boot Screen.
[[0;32m  OK  [0m] Started LSB: Start NTP daemon.
[[0;32m  OK  [0m] Started Hold until boot process finishes up.
[[0;32m  OK  [0m] Started Getty on tty1.
[[0;32m  OK  [0m] Started Serial Getty on ttyS0.
[[0;32m  OK  [0m] Reached target Login Prompts.
         Starting Set console scheme...
[[0;32m  OK  [0m] Reached target Multi-User System.
[[0;32m  OK  [0m] Reached target Graphical Interface.
         Starting Update UTMP about System Runlevel Changes...
[[0;32m  OK  [0m] Started Set console scheme.
[[0;32m  OK  [0m] Started Update UTMP about System Runlevel Changes.

Ubuntu 16.04.6 LTS ubuntu-xenial ttyS0

ubuntu-xenial login: [14112.265576] e1000 0000:00:03.0 enp0s3: Reset adapter
[15875.367044] e1000 0000:00:03.0 enp0s3: Reset adapter
[16334.780419] e1000 0000:00:03.0 enp0s3: Reset adapter
[22798.503297] e1000 0000:00:03.0 enp0s3: Reset adapter
[34327.029239] e1000 0000:00:03.0 enp0s3: Reset adapter
[38640.837226] e1000 0000:00:03.0 enp0s3: Reset adapter
[104767.010001] e1000 0000:00:03.0 enp0s3: Reset adapter
[112812.906649] e1000 0000:00:03.0 enp0s3: Reset adapter
